0 info it worked if it ends with ok
1 verbose cli [ '/usr/bin/nodejs', '/usr/bin/npm', 'run', 'serve.prod' ]
2 info using npm@4.0.0
3 info using node@v6.8.1
4 warn invalid config https-proxy=""
5 warn invalid config Must be a full url with 'http://'
6 verbose run-script [ 'preserve.prod', 'serve.prod', 'postserve.prod' ]
7 info lifecycle ng2-finance@1.0.0~preserve.prod: ng2-finance@1.0.0
8 silly lifecycle ng2-finance@1.0.0~preserve.prod: no script for preserve.prod, continuing
9 info lifecycle ng2-finance@1.0.0~serve.prod: ng2-finance@1.0.0
10 verbose lifecycle ng2-finance@1.0.0~serve.prod: unsafe-perm in lifecycle true
11 verbose lifecycle ng2-finance@1.0.0~serve.prod: PATH: /usr/lib/node_modules/npm/bin/node-gyp-bin:/home/developer/Downloads/source/kevin/Yahoo-API-Angular/node_modules/.bin:/home/developer/.gvm/pkgsets/go1.6/global/bin:/home/developer/.gvm/gos/go1.6/bin:/home/developer/.gvm/pkgsets/go1.6/global/overlay/bin:/home/developer/.gvm/bin:/home/developer/.gvm/bin:/home/developer/.rvm/gems/ruby-2.3.3/bin:/home/developer/.rvm/gems/ruby-2.3.3@global/bin:/home/developer/.rvm/rubies/ruby-2.3.3/bin:/usr/local/sbin:/usr/local/bin:/usr/sbin:/usr/bin:/sbin:/bin:/usr/games:/usr/local/games:/home/developer/.rvm/bin:/home/developer/.rvm/bin:/home/developer/.rvm/bin
12 verbose lifecycle ng2-finance@1.0.0~serve.prod: CWD: /home/developer/Downloads/source/kevin/Yahoo-API-Angular
13 silly lifecycle ng2-finance@1.0.0~serve.prod: Args: [ '-c',
13 silly lifecycle   'gulp serve.prod --color --env-config prod --build-type prod' ]
14 silly lifecycle ng2-finance@1.0.0~serve.prod: Returned: code: 1  signal: null
15 info lifecycle ng2-finance@1.0.0~serve.prod: Failed to exec serve.prod script
16 verbose stack Error: ng2-finance@1.0.0 serve.prod: `gulp serve.prod --color --env-config prod --build-type prod`
16 verbose stack Exit status 1
16 verbose stack     at EventEmitter.<anonymous> (/usr/lib/node_modules/npm/lib/utils/lifecycle.js:277:16)
16 verbose stack     at emitTwo (events.js:106:13)
16 verbose stack     at EventEmitter.emit (events.js:191:7)
16 verbose stack     at ChildProcess.<anonymous> (/usr/lib/node_modules/npm/lib/utils/spawn.js:40:14)
16 verbose stack     at emitTwo (events.js:106:13)
16 verbose stack     at ChildProcess.emit (events.js:191:7)
16 verbose stack     at maybeClose (internal/child_process.js:877:16)
16 verbose stack     at Process.ChildProcess._handle.onexit (internal/child_process.js:226:5)
17 verbose pkgid ng2-finance@1.0.0
18 verbose cwd /home/developer/Downloads/source/kevin/Yahoo-API-Angular
19 error Linux 3.19.0-25-generic
20 error argv "/usr/bin/nodejs" "/usr/bin/npm" "run" "serve.prod"
21 error node v6.8.1
22 error npm  v4.0.0
23 error code ELIFECYCLE
24 error ng2-finance@1.0.0 serve.prod: `gulp serve.prod --color --env-config prod --build-type prod`
24 error Exit status 1
25 error Failed at the ng2-finance@1.0.0 serve.prod script 'gulp serve.prod --color --env-config prod --build-type prod'.
25 error Make sure you have the latest version of node.js and npm installed.
25 error If you do, this is most likely a problem with the ng2-finance package,
25 error not with npm itself.
25 error Tell the author that this fails on your system:
25 error     gulp serve.prod --color --env-config prod --build-type prod
25 error You can get information on how to open an issue for this project with:
25 error     npm bugs ng2-finance
25 error Or if that isn't available, you can get their info via:
25 error     npm owner ls ng2-finance
25 error There is likely additional logging output above.
26 verbose exit [ 1, true ]
